Traceback (most recent call last):
  File "/Users/rblack/_dev/indoor-research/live-2022/.direnv/python-3.10.8/lib/python3.10/site-packages/jupyter_cache/executors/utils.py", line 51, in single_nb_execution
    executenb(
  File "/Users/rblack/_dev/indoor-research/live-2022/.direnv/python-3.10.8/lib/python3.10/site-packages/nbclient/client.py", line 1093, in execute
    return NotebookClient(nb=nb, resources=resources, km=km, **kwargs).execute()
  File "/Users/rblack/_dev/indoor-research/live-2022/.direnv/python-3.10.8/lib/python3.10/site-packages/nbclient/util.py", line 84, in wrapped
    return just_run(coro(*args, **kwargs))
  File "/Users/rblack/_dev/indoor-research/live-2022/.direnv/python-3.10.8/lib/python3.10/site-packages/nbclient/util.py", line 62, in just_run
    return loop.run_until_complete(coro)
  File "/usr/local/Cellar/python@3.10/3.10.8/Frameworks/Python.framework/Versions/3.10/lib/python3.10/asyncio/base_events.py", line 649, in run_until_complete
    return future.result()
  File "/Users/rblack/_dev/indoor-research/live-2022/.direnv/python-3.10.8/lib/python3.10/site-packages/nbclient/client.py", line 559, in async_execute
    await self.async_execute_cell(
  File "/Users/rblack/_dev/indoor-research/live-2022/.direnv/python-3.10.8/lib/python3.10/site-packages/nbclient/client.py", line 854, in async_execute_cell
    self._check_raise_for_error(cell, exec_reply)
  File "/Users/rblack/_dev/indoor-research/live-2022/.direnv/python-3.10.8/lib/python3.10/site-packages/nbclient/client.py", line 756, in _check_raise_for_error
    raise CellExecutionError.from_cell_and_msg(cell, exec_reply_content)
nbclient.exceptions.CellExecutionError: An error occurred while executing the following cell:
------------------
xf = XfoilRunner('flat0001', 3000, 200)
------------------

[0;31m---------------------------------------------------------------------------[0m
[0;31mEOF[0m                                       Traceback (most recent call last)
[0;32m/var/folders/ws/5h_x4h713cg8w0jmrm5_tfzc0000gn/T/ipykernel_46088/2368016470.py[0m in [0;36m<module>[0;34m[0m
[0;32m----> 1[0;31m [0mxf[0m [0;34m=[0m [0mXfoilRunner[0m[0;34m([0m[0;34m'flat0001'[0m[0;34m,[0m [0;36m3000[0m[0;34m,[0m [0;36m200[0m[0;34m)[0m[0;34m[0m[0;34m[0m[0m
[0m
[0;32m~/_dev/indoor-research/live-2022/book/appendix/../../mmtime/XfoilRunner.py[0m in [0;36m__init__[0;34m(self, airfoil, re, iter)[0m
[1;32m     38[0m                 [0mlogfile[0m [0;34m=[0m [0mlogfile[0m[0;34m,[0m[0;34m[0m[0;34m[0m[0m
[1;32m     39[0m                 encoding='utf-8')
[0;32m---> 40[0;31m         [0mself[0m[0;34m.[0m[0mproc[0m[0;34m.[0m[0mexpect[0m[0;34m([0m[0;34m'c>'[0m[0;34m)[0m[0;34m[0m[0;34m[0m[0m
[0m[1;32m     41[0m [0;34m[0m[0m
[1;32m     42[0m         [0;31m# turn off graphics display[0m[0;34m[0m[0;34m[0m[0m

[0;32m~/_dev/indoor-research/live-2022/.direnv/python-3.10.8/lib/python3.10/site-packages/pexpect/spawnbase.py[0m in [0;36mexpect[0;34m(self, pattern, timeout, searchwindowsize, async_, **kw)[0m
[1;32m    341[0m [0;34m[0m[0m
[1;32m    342[0m         [0mcompiled_pattern_list[0m [0;34m=[0m [0mself[0m[0;34m.[0m[0mcompile_pattern_list[0m[0;34m([0m[0mpattern[0m[0;34m)[0m[0;34m[0m[0;34m[0m[0m
[0;32m--> 343[0;31m         return self.expect_list(compiled_pattern_list,
[0m[1;32m    344[0m                 timeout, searchwindowsize, async_)
[1;32m    345[0m [0;34m[0m[0m

[0;32m~/_dev/indoor-research/live-2022/.direnv/python-3.10.8/lib/python3.10/site-packages/pexpect/spawnbase.py[0m in [0;36mexpect_list[0;34m(self, pattern_list, timeout, searchwindowsize, async_, **kw)[0m
[1;32m    370[0m             [0;32mreturn[0m [0mexpect_async[0m[0;34m([0m[0mexp[0m[0;34m,[0m [0mtimeout[0m[0;34m)[0m[0;34m[0m[0;34m[0m[0m
[1;32m    371[0m         [0;32melse[0m[0;34m:[0m[0;34m[0m[0;34m[0m[0m
[0;32m--> 372[0;31m             [0;32mreturn[0m [0mexp[0m[0;34m.[0m[0mexpect_loop[0m[0;34m([0m[0mtimeout[0m[0;34m)[0m[0;34m[0m[0;34m[0m[0m
[0m[1;32m    373[0m [0;34m[0m[0m
[1;32m    374[0m     def expect_exact(self, pattern_list, timeout=-1, searchwindowsize=-1,

[0;32m~/_dev/indoor-research/live-2022/.direnv/python-3.10.8/lib/python3.10/site-packages/pexpect/expect.py[0m in [0;36mexpect_loop[0;34m(self, timeout)[0m
[1;32m    177[0m                     [0mtimeout[0m [0;34m=[0m [0mend_time[0m [0;34m-[0m [0mtime[0m[0;34m.[0m[0mtime[0m[0;34m([0m[0;34m)[0m[0;34m[0m[0;34m[0m[0m
[1;32m    178[0m         [0;32mexcept[0m [0mEOF[0m [0;32mas[0m [0me[0m[0;34m:[0m[0;34m[0m[0;34m[0m[0m
[0;32m--> 179[0;31m             [0;32mreturn[0m [0mself[0m[0;34m.[0m[0meof[0m[0;34m([0m[0me[0m[0;34m)[0m[0;34m[0m[0;34m[0m[0m
[0m[1;32m    180[0m         [0;32mexcept[0m [0mTIMEOUT[0m [0;32mas[0m [0me[0m[0;34m:[0m[0;34m[0m[0;34m[0m[0m
[1;32m    181[0m             [0;32mreturn[0m [0mself[0m[0;34m.[0m[0mtimeout[0m[0;34m([0m[0me[0m[0;34m)[0m[0;34m[0m[0;34m[0m[0m

[0;32m~/_dev/indoor-research/live-2022/.direnv/python-3.10.8/lib/python3.10/site-packages/pexpect/expect.py[0m in [0;36meof[0;34m(self, err)[0m
[1;32m    120[0m             [0mexc[0m [0;34m=[0m [0mEOF[0m[0;34m([0m[0mmsg[0m[0;34m)[0m[0;34m[0m[0;34m[0m[0m
[1;32m    121[0m             [0mexc[0m[0;34m.[0m[0m__cause__[0m [0;34m=[0m [0;32mNone[0m [0;31m# in Python 3.x we can use "raise exc from None"[0m[0;34m[0m[0;34m[0m[0m
[0;32m--> 122[0;31m             [0;32mraise[0m [0mexc[0m[0;34m[0m[0;34m[0m[0m
[0m[1;32m    123[0m [0;34m[0m[0m
[1;32m    124[0m     [0;32mdef[0m [0mtimeout[0m[0;34m([0m[0mself[0m[0;34m,[0m [0merr[0m[0;34m=[0m[0;32mNone[0m[0;34m)[0m[0;34m:[0m[0;34m[0m[0;34m[0m[0m

[0;31mEOF[0m: End Of File (EOF). Empty string style platform.
<pexpect.pty_spawn.spawn object at 0x10e1cfe80>
command: /opt/bin/xfoil
args: [b'/opt/bin/xfoil']
buffer (last 100 chars): ''
before (last 100 chars): "'/usr/local/lib/libgfortran.5.dylib' (no such file), '/usr/lib/libgfortran.5.dylib' (no such file)\r\n"
after: <class 'pexpect.exceptions.EOF'>
match: None
match_index: None
exitstatus: None
flag_eof: True
pid: 46094
child_fd: 73
closed: False
timeout: 30
delimiter: <class 'pexpect.exceptions.EOF'>
logfile: <_io.TextIOWrapper name='/Users/rblack/_dev/indoor-research/live-2022/mmtime/data/airfoils/flat0001/logs/XFOIL2022_11_02_130225.log' mode='w' encoding='UTF-8'>
logfile_read: None
logfile_send: None
maxread: 2000
ignorecase: False
searchwindowsize: None
delaybeforesend: 0.05
delayafterclose: 0.1
delayafterterminate: 0.1
searcher: searcher_re:
    0: re.compile('c>')
EOF: End Of File (EOF). Empty string style platform.
<pexpect.pty_spawn.spawn object at 0x10e1cfe80>
command: /opt/bin/xfoil
args: [b'/opt/bin/xfoil']
buffer (last 100 chars): ''
before (last 100 chars): "'/usr/local/lib/libgfortran.5.dylib' (no such file), '/usr/lib/libgfortran.5.dylib' (no such file)\r\n"
after: <class 'pexpect.exceptions.EOF'>
match: None
match_index: None
exitstatus: None
flag_eof: True
pid: 46094
child_fd: 73
closed: False
timeout: 30
delimiter: <class 'pexpect.exceptions.EOF'>
logfile: <_io.TextIOWrapper name='/Users/rblack/_dev/indoor-research/live-2022/mmtime/data/airfoils/flat0001/logs/XFOIL2022_11_02_130225.log' mode='w' encoding='UTF-8'>
logfile_read: None
logfile_send: None
maxread: 2000
ignorecase: False
searchwindowsize: None
delaybeforesend: 0.05
delayafterclose: 0.1
delayafterterminate: 0.1
searcher: searcher_re:
    0: re.compile('c>')

